[    0.000000] Linux version 4.15.0-106-generic (buildd@lcy01-amd64-016) (gcc version 7.5.0 (Ubuntu 7.5.0-3ubuntu1~18.04)) #107-Ubuntu SMP Thu Jun 4 11:27:52 UTC 2020 (Ubuntu 4.15.0-106.107-generic 4.15.18)
[    0.000000] Command line: BOOT_IMAGE=/boot/vmlinuz-4.15.0-106-generic root=LABEL=cloudimg-rootfs ro console=tty1 console=ttyS0
[    0.000000] KERNEL supported cpus:
[    0.000000]   Intel GenuineIntel
[    0.000000]   AMD AuthenticAMD
[    0.000000]   Centaur CentaurHauls
[    0.000000] x86/fpu: Supporting XSAVE feature 0x001: 'x87 floating point registers'
[    0.000000] x86/fpu: Supporting XSAVE feature 0x002: 'SSE registers'
[    0.000000] x86/fpu: Supporting XSAVE feature 0x004: 'AVX registers'
[    0.000000] x86/fpu: xstate_offset[2]:  576, xstate_sizes[2]:  256
[    0.000000] x86/fpu: Enabled xstate features 0x7, context size is 832 bytes, using 'standard' format.
[    0.000000] e820: BIOS-provided physical RAM map:
[    0.000000] BIOS-e820: [mem 0x0000000000000000-0x000000000009fbff] usable
[    0.000000] BIOS-e820: [mem 0x000000000009fc00-0x000000000009ffff] reserved
[    0.000000] BIOS-e820: [mem 0x00000000000f0000-0x00000000000fffff] reserved
[    0.000000] BIOS-e820: [mem 0x0000000000100000-0x00000000dffeffff] usable
[    0.000000] BIOS-e820: [mem 0x00000000dfff0000-0x00000000dfffffff] ACPI data
[    0.000000] BIOS-e820: [mem 0x00000000fec00000-0x00000000fec00fff] reserved
[    0.000000] BIOS-e820: [mem 0x00000000fee00000-0x00000000fee00fff] reserved
[    0.000000] BIOS-e820: [mem 0x00000000fffc0000-0x00000000ffffffff] reserved
[    0.000000] BIOS-e820: [mem 0x0000000100000000-0x000000011fffffff] usable
[    0.000000] NX (Execute Disable) protection: active
[    0.000000] SMBIOS 2.5 present.
[    0.000000] DMI: innotek GmbH VirtualBox/VirtualBox, BIOS VirtualBox 12/01/2006
[    0.000000] Hypervisor detected: KVM
[    0.000000] e820: last_pfn = 0x120000 max_arch_pfn = 0x400000000
[    0.000000] MTRR: Disabled
[    0.000000] x86/PAT: MTRRs disabled, skipping PAT initialization too.
[    0.000000] CPU MTRRs all blank - virtualized system.
[    0.000000] x86/PAT: Configuration [0-7]: WB  WT  UC- UC  WB  WT  UC- UC  
[    0.000000] e820: last_pfn = 0xdfff0 max_arch_pfn = 0x400000000
[    0.000000] found SMP MP-table at [mem 0x0009fff0-0x0009ffff]
[    0.000000] Scanning 1 areas for low memory corruption
[    0.000000] RAMDISK: [mem 0x35a6d000-0x36d2dfff]
[    0.000000] ACPI: Early table checksum verification disabled
[    0.000000] ACPI: RSDP 0x00000000000E0000 000024 (v02 VBOX  )
[    0.000000] ACPI: XSDT 0x00000000DFFF0030 00003C (v01 VBOX   VBOXXSDT 00000001 ASL  00000061)
[    0.000000] ACPI: FACP 0x00000000DFFF00F0 0000F4 (v04 VBOX   VBOXFACP 00000001 ASL  00000061)
[    0.000000] ACPI: DSDT 0x00000000DFFF0470 002325 (v02 VBOX   VBOXBIOS 00000002 INTL 20100528)
[    0.000000] ACPI: FACS 0x00000000DFFF0200 000040
[    0.000000] ACPI: FACS 0x00000000DFFF0200 000040
[    0.000000] ACPI: APIC 0x00000000DFFF0240 00005C (v02 VBOX   VBOXAPIC 00000001 ASL  00000061)
[    0.000000] ACPI: SSDT 0x00000000DFFF02A0 0001CC (v01 VBOX   VBOXCPUT 00000002 INTL 20100528)
[    0.000000] No NUMA configuration found
[    0.000000] Faking a node at [mem 0x0000000000000000-0x000000011fffffff]
[    0.000000] NODE_DATA(0) allocated [mem 0x11ffd5000-0x11fffffff]
[    0.000000] kvm-clock: cpu 0, msr 1:1ff54001, primary cpu clock
[    0.000000] kvm-clock: Using msrs 4b564d01 and 4b564d00
[    0.000000] kvm-clock: using sched offset of 4257853750 cycles
[    0.000000] clocksource: kvm-clock: mask: 0xffffffffffffffff max_cycles: 0x1cd42e4dffb, max_idle_ns: 881590591483 ns
[    0.000000] Zone ranges:
[    0.000000]   DMA      [mem 0x0000000000001000-0x0000000000ffffff]
[    0.000000]   DMA32    [mem 0x0000000001000000-0x00000000ffffffff]
[    0.000000]   Normal   [mem 0x0000000100000000-0x000000011fffffff]
[    0.000000]   Device   empty
[    0.000000] Movable zone start for each node
[    0.000000] Early memory node ranges
[    0.000000]   node   0: [mem 0x0000000000001000-0x000000000009efff]
[    0.000000]   node   0: [mem 0x0000000000100000-0x00000000dffeffff]
[    0.000000]   node   0: [mem 0x0000000100000000-0x000000011fffffff]
[    0.000000] Reserved but unavailable: 98 pages
[    0.000000] Initmem setup node 0 [mem 0x0000000000001000-0x000000011fffffff]
[    0.000000] ACPI: PM-Timer IO Port: 0x4008
[    0.000000] IOAPIC[0]: apic_id 2, version 32, address 0xfec00000, GSI 0-23
[    0.000000] ACPI: INT_SRC_OVR (bus 0 bus_irq 0 global_irq 2 dfl dfl)
[    0.000000] ACPI: INT_SRC_OVR (bus 0 bus_irq 9 global_irq 9 low level)
[    0.000000] Using ACPI (MADT) for SMP configuration information
[    0.000000] smpboot: Allowing 2 CPUs, 0 hotplug CPUs
[    0.000000] PM: Registered nosave memory: [mem 0x00000000-0x00000fff]
[    0.000000] PM: Registered nosave memory: [mem 0x0009f000-0x0009ffff]
[    0.000000] PM: Registered nosave memory: [mem 0x000a0000-0x000effff]
[    0.000000] PM: Registered nosave memory: [mem 0x000f0000-0x000fffff]
[    0.000000] PM: Registered nosave memory: [mem 0xdfff0000-0xdfffffff]
[    0.000000] PM: Registered nosave memory: [mem 0xe0000000-0xfebfffff]
[    0.000000] PM: Registered nosave memory: [mem 0xfec00000-0xfec00fff]
[    0.000000] PM: Registered nosave memory: [mem 0xfec01000-0xfedfffff]
[    0.000000] PM: Registered nosave memory: [mem 0xfee00000-0xfee00fff]
[    0.000000] PM: Registered nosave memory: [mem 0xfee01000-0xfffbffff]
[    0.000000] PM: Registered nosave memory: [mem 0xfffc0000-0xffffffff]
[    0.000000] e820: [mem 0xe0000000-0xfebfffff] available for PCI devices
[    0.000000] Booting paravirtualized kernel on KVM
[    0.000000] clocksource: refined-jiffies: mask: 0xffffffff max_cycles: 0xffffffff, max_idle_ns: 7645519600211568 ns
[    0.000000] random: get_random_bytes called from start_kernel+0x99/0x4fd with crng_init=0
[    0.000000] setup_percpu: NR_CPUS:8192 nr_cpumask_bits:2 nr_cpu_ids:2 nr_node_ids:1
[    0.000000] percpu: Embedded 45 pages/cpu s147456 r8192 d28672 u1048576
[    0.000000] PV qspinlock hash table entries: 256 (order: 0, 4096 bytes)
[    0.000000] Built 1 zonelists, mobility grouping on.  Total pages: 1032057
[    0.000000] Policy zone: Normal
[    0.000000] Kernel command line: BOOT_IMAGE=/boot/vmlinuz-4.15.0-106-generic root=LABEL=cloudimg-rootfs ro console=tty1 console=ttyS0
[    0.000000] Memory: 4013672K/4193848K available (12300K kernel code, 2481K rwdata, 4272K rodata, 2436K init, 2720K bss, 180176K reserved, 0K cma-reserved)
[    0.000000] SLUB: HWalign=64, Order=0-3, MinObjects=0, CPUs=2, Nodes=1
[    0.000000] Kernel/User page tables isolation: enabled
[    0.000000] ftrace: allocating 39378 entries in 154 pages
[    0.004000] Hierarchical RCU implementation.
[    0.004000] 	RCU restricting CPUs from NR_CPUS=8192 to nr_cpu_ids=2.
[    0.004000] 	Tasks RCU enabled.
[    0.004000] RCU: Adjusting geometry for rcu_fanout_leaf=16, nr_cpu_ids=2
[    0.004000] NR_IRQS: 524544, nr_irqs: 440, preallocated irqs: 16
[    0.004000] Console: colour VGA+ 80x25
[    0.004000] console [tty1] enabled
[    0.004000] console [ttyS0] enabled
[    0.004000] ACPI: Core revision 20170831
[    0.004000] ACPI: 2 ACPI AML tables successfully acquired and loaded
[    0.004000] APIC: Switch to symmetric I/O mode setup
[    0.004000] x2apic enabled
[    0.004000] Switched APIC routing to physical x2apic.
[    0.004000] ..TIMER: vector=0x30 apic1=0 pin1=2 apic2=-1 pin2=-1
[    0.004003] tsc: Detected 3503.998 MHz processor
[    0.004782] Calibrating delay loop (skipped) preset value.. 7007.99 BogoMIPS (lpj=14015992)
[    0.005291] pid_max: default: 32768 minimum: 301
[    0.006063] Security Framework initialized
[    0.008002] Yama: becoming mindful.
[    0.008581] AppArmor: AppArmor initialized
[    0.012013] Dentry cache hash table entries: 524288 (order: 10, 4194304 bytes)
[    0.015420] Inode-cache hash table entries: 262144 (order: 9, 2097152 bytes)
[    0.016017] Mount-cache hash table entries: 8192 (order: 4, 65536 bytes)
[    0.017183] Mountpoint-cache hash table entries: 8192 (order: 4, 65536 bytes)
[    0.020217] Last level iTLB entries: 4KB 128, 2MB 8, 4MB 8
[    0.021073] Last level dTLB entries: 4KB 64, 2MB 0, 4MB 0, 1GB 4
[    0.022013] Spectre V1 : Mitigation: usercopy/swapgs barriers and __user pointer sanitization
[    0.023309] Spectre V2 : Mitigation: Full generic retpoline
[    0.024002] Spectre V2 : Spectre v2 / SpectreRSB mitigation: Filling RSB on context switch
[    0.025259] Speculative Store Bypass: Vulnerable
[    0.026004] SRBDS: Unknown: Dependent on hypervisor status
[    0.026867] MDS: Mitigation: Clear CPU buffers
[    0.028158] Freeing SMP alternatives memory: 36K
[    0.138046] smpboot: CPU0: Intel(R) Core(TM) i5-6600K CPU @ 3.50GHz (family: 0x6, model: 0x5e, stepping: 0x3)
[    0.139837] Performance Events: unsupported p6 CPU model 94 no PMU driver, software events only.
[    0.140000] Hierarchical SRCU implementation.
[    0.140400] NMI watchdog: Perf event create on CPU 0 failed with -2
[    0.141490] NMI watchdog: Perf NMI watchdog permanently disabled
[    0.142444] smp: Bringing up secondary CPUs ...
[    0.144048] x86: Booting SMP configuration:
[    0.144721] .... node  #0, CPUs:      #1
[    0.004000] kvm-clock: cpu 1, msr 1:1ff54041, secondary cpu clock
[    0.148013] smp: Brought up 1 node, 2 CPUs
[    0.148671] smpboot: Max logical packages: 1
[    0.149341] smpboot: Total of 2 processors activated (14015.99 BogoMIPS)
[    0.150639] devtmpfs: initialized
[    0.152046] x86/mm: Memory block size: 128MB
[    0.152994] evm: security.selinux
[    0.153544] evm: security.SMACK64
[    0.154597] evm: security.SMACK64EXEC
[    0.156003] evm: security.SMACK64TRANSMUTE
[    0.156649] evm: security.SMACK64MMAP
[    0.157245] evm: security.apparmor
[    0.157799] evm: security.ima
[    0.158294] evm: security.capability
[    0.158904] clocksource: jiffies: mask: 0xffffffff max_cycles: 0xffffffff, max_idle_ns: 7645041785100000 ns
[    0.160007] futex hash table entries: 512 (order: 3, 32768 bytes)
[    0.160966] pinctrl core: initialized pinctrl subsystem
[    0.161837] RTC time: 23:45:36, date: 06/25/20
[    0.162641] NET: Registered protocol family 16
[    0.164063] audit: initializing netlink subsys (disabled)
[    0.164952] audit: type=2000 audit(1593128742.999:1): state=initialized audit_enabled=0 res=1
[    0.165300] cpuidle: using governor ladder
[    0.165300] cpuidle: using governor menu
[    0.165329] ACPI: bus type PCI registered
[    0.168003] acpiphp: ACPI Hot Plug PCI Controller Driver version: 0.5
[    0.169218] PCI: Using configuration type 1 for base access
[    0.172040] HugeTLB registered 2.00 MiB page size, pre-allocated 0 pages
[    0.173078] ACPI: Added _OSI(Module Device)
[    0.176006] ACPI: Added _OSI(Processor Device)
[    0.176708] ACPI: Added _OSI(3.0 _SCP Extensions)
[    0.177453] ACPI: Added _OSI(Processor Aggregator Device)
[    0.180005] ACPI: Added _OSI(Linux-Dell-Video)
[    0.180714] ACPI: Added _OSI(Linux-Lenovo-NV-HDMI-Audio)
[    0.181634] ACPI: Added _OSI(Linux-HPI-Hybrid-Graphics)
[    0.182728] ACPI: Executed 1 blocks of module-level executable AML code
[    0.188708] ACPI: Interpreter enabled
[    0.189387] ACPI: (supports S0 S5)
[    0.190028] ACPI: Using IOAPIC for interrupt routing
[    0.191051] PCI: Using host bridge windows from ACPI; if necessary, use "pci=nocrs" and report a bug
[    0.192174] ACPI: Enabled 2 GPEs in block 00 to 07
[    0.200000] ACPI: PCI Root Bridge [PCI0] (domain 0000 [bus 00-ff])
[    0.200011] acpi PNP0A03:00: _OSC: OS supports [ASPM ClockPM Segments MSI]
[    0.204444] acpi PNP0A03:00: _OSC: not requesting OS control; OS requires [ExtendedConfig ASPM ClockPM MSI]
[    0.208019] acpi PNP0A03:00: fail to add MMCONFIG information, can't access extended PCI configuration space under this bridge.
[    0.210901] PCI host bridge to bus 0000:00
[    0.212004] pci_bus 0000:00: root bus resource [io  0x0000-0x0cf7 window]
[    0.213026] pci_bus 0000:00: root bus resource [io  0x0d00-0xffff window]
[    0.214484] pci_bus 0000:00: root bus resource [mem 0x000a0000-0x000bffff window]
[    0.215678] pci_bus 0000:00: root bus resource [mem 0xe0000000-0xfdffffff window]
[    0.216006] pci_bus 0000:00: root bus resource [bus 00-ff]
[    0.218711] pci 0000:00:01.1: legacy IDE quirk: reg 0x10: [io  0x01f0-0x01f7]
[    0.220005] pci 0000:00:01.1: legacy IDE quirk: reg 0x14: [io  0x03f6]
[    0.221230] pci 0000:00:01.1: legacy IDE quirk: reg 0x18: [io  0x0170-0x0177]
[    0.222310] pci 0000:00:01.1: legacy IDE quirk: reg 0x1c: [io  0x0376]
[    0.249565] pci 0000:00:07.0: quirk: [io  0x4000-0x403f] claimed by PIIX4 ACPI
[    0.250717] pci 0000:00:07.0: quirk: [io  0x4100-0x410f] claimed by PIIX4 SMB
[    0.261673] ACPI: PCI Interrupt Link [LNKA] (IRQs 5 9 10 *11)
[    0.263025] ACPI: PCI Interrupt Link [LNKB] (IRQs 5 9 *10 11)
[    0.264000] ACPI: PCI Interrupt Link [LNKC] (IRQs 5 *9 10 11)
[    0.264106] ACPI: PCI Interrupt Link [LNKD] (IRQs 5 9 10 *11)
[    0.265480] SCSI subsystem initialized
[    0.266124] pci 0000:00:02.0: vgaarb: setting as boot VGA device
[    0.266124] pci 0000:00:02.0: vgaarb: VGA device added: decodes=io+mem,owns=io+mem,locks=none
[    0.268008] pci 0000:00:02.0: vgaarb: bridge control possible
[    0.268877] vgaarb: loaded
[    0.269363] ACPI: bus type USB registered
[    0.270013] usbcore: registered new interface driver usbfs
[    0.272018] usbcore: registered new interface driver hub
[    0.272850] usbcore: registered new device driver usb
[    0.273664] EDAC MC: Ver: 3.0.0
[    0.273664] PCI: Using ACPI for IRQ routing
[    0.276212] NetLabel: Initializing
[    0.276791] NetLabel:  domain hash size = 128
[    0.277485] NetLabel:  protocols = UNLABELED CIPSOv4 CALIPSO
[    0.278346] NetLabel:  unlabeled traffic allowed by default
[    0.279200] clocksource: Switched to clocksource kvm-clock
[    0.292184] VFS: Disk quotas dquot_6.6.0
[    0.292869] VFS: Dquot-cache hash table entries: 512 (order 0, 4096 bytes)
[    0.293992] AppArmor: AppArmor Filesystem Enabled
[    0.294748] pnp: PnP ACPI init
[    0.296185] pnp: PnP ACPI: found 3 devices
[    0.304853] clocksource: acpi_pm: mask: 0xffffff max_cycles: 0xffffff, max_idle_ns: 2085701024 ns
[    0.306315] NET: Registered protocol family 2
[    0.307180] TCP established hash table entries: 32768 (order: 6, 262144 bytes)
[    0.309124] TCP bind hash table entries: 32768 (order: 7, 524288 bytes)
[    0.310139] TCP: Hash tables configured (established 32768 bind 32768)
[    0.311277] UDP hash table entries: 2048 (order: 4, 65536 bytes)
[    0.312220] UDP-Lite hash table entries: 2048 (order: 4, 65536 bytes)
[    0.313230] NET: Registered protocol family 1
[    0.313916] pci 0000:00:00.0: Limiting direct PCI/PCI transfers
[    0.314821] pci 0000:00:01.0: Activating ISA DMA hang workarounds
[    0.315771] pci 0000:00:02.0: Video device with shadowed ROM at [mem 0x000c0000-0x000dffff]
[    0.317160] Unpacking initramfs...
[    0.559138] Freeing initrd memory: 19204K
[    0.560108] PCI-DMA: Using software bounce buffering for IO (SWIOTLB)
[    0.561117] software IO TLB: mapped [mem 0xdbff0000-0xdfff0000] (64MB)
[    0.562224] clocksource: tsc: mask: 0xffffffffffffffff max_cycles: 0x328211acd6a, max_idle_ns: 440795259903 ns
[    0.564871] platform rtc_cmos: registered platform RTC device (no PNP device found)
[    0.566137] Scanning for low memory corruption every 60 seconds
[    0.567576] Initialise system trusted keyrings
[    0.568454] Key type blacklist registered
[    0.569210] workingset: timestamp_bits=36 max_order=20 bucket_order=0
[    0.573140] zbud: loaded
[    0.574001] squashfs: version 4.0 (2009/01/31) Phillip Lougher
[    0.575056] fuse init (API version 7.26)
[    0.577284] Key type asymmetric registered
[    0.578047] Asymmetric key parser 'x509' registered
[    0.578832] Block layer SCSI generic (bsg) driver version 0.4 loaded (major 246)
[    0.580066] io scheduler noop registered
[    0.580708] io scheduler deadline registered
[    0.581398] io scheduler cfq registered (default)
[    0.582393] ACPI: AC Adapter [AC] (on-line)
[    0.583202] input: Power Button as /devices/LNXSYSTM:00/LNXPWRBN:00/input/input0
[    0.584416] ACPI: Power Button [PWRF]
[    0.585113] input: Sleep Button as /devices/LNXSYSTM:00/LNXSLPBN:00/input/input1
[    0.586287] ACPI: Sleep Button [SLPF]
[    0.587196] Serial: 8250/16550 driver, 32 ports, IRQ sharing enabled
[    0.609172] 00:02: ttyS0 at I/O 0x3f8 (irq = 4, base_baud = 115200) is a 16550A
[    0.612731] Linux agpgart interface v0.103
[    0.617220] loop: module loaded
[    0.618399] scsi host0: ata_piix
[    0.619055] scsi host1: ata_piix
[    0.619658] ata1: PATA max UDMA/33 cmd 0x1f0 ctl 0x3f6 bmdma 0xd000 irq 14
[    0.620712] ata2: PATA max UDMA/33 cmd 0x170 ctl 0x376 bmdma 0xd008 irq 15
[    0.622401] libphy: Fixed MDIO Bus: probed
[    0.623087] tun: Universal TUN/TAP device driver, 1.6
[    0.624067] PPP generic driver version 2.4.2
[    0.624809] ehci_hcd: USB 2.0 'Enhanced' Host Controller (EHCI) Driver
[    0.625826] ehci-pci: EHCI PCI platform driver
[    0.626534] ehci-platform: EHCI generic platform driver
[    0.627337] ohci_hcd: USB 1.1 'Open' Host Controller (OHCI) Driver
[    0.628301] ohci-pci: OHCI PCI platform driver
[    0.629004] ohci-platform: OHCI generic platform driver
[    0.629822] uhci_hcd: USB Universal Host Controller Interface driver
[    0.630808] i8042: PNP: PS/2 Controller [PNP0303:PS2K,PNP0f03:PS2M] at 0x60,0x64 irq 1,12
[    0.632604] serio: i8042 KBD port at 0x60,0x64 irq 1
[    0.633409] serio: i8042 AUX port at 0x60,0x64 irq 12
[    0.634325] mousedev: PS/2 mouse device common for all mice
[    0.635873] rtc_cmos rtc_cmos: rtc core: registered rtc_cmos as rtc0
[    0.637102] input: AT Translated Set 2 keyboard as /devices/platform/i8042/serio0/input/input2
[    0.638661] rtc_cmos rtc_cmos: alarms up to one day, 114 bytes nvram
[    0.639736] i2c /dev entries driver
[    0.640410] device-mapper: uevent: version 1.0.3
[    0.641224] device-mapper: ioctl: 4.37.0-ioctl (2017-09-20) initialised: dm-devel@redhat.com
[    0.642631] ledtrig-cpu: registered to indicate activity on CPUs
[    0.643842] NET: Registered protocol family 10
[    0.647112] Segment Routing with IPv6
[    0.647732] NET: Registered protocol family 17
[    0.648496] Key type dns_resolver registered
[    0.649332] mce: Using 0 MCE banks
[    0.650002] RAS: Correctable Errors collector initialized.
[    0.651476] sched_clock: Marking stable (649310922, 0)->(949844239, -300533317)
[    0.653187] registered taskstats version 1
[    0.653854] Loading compiled-in X.509 certificates
[    0.656186] Loaded X.509 cert 'Build time autogenerated kernel key: b1772ce3e036cbf6bf2b7e9ed9be0f8806d61091'
[    0.657747] zswap: loaded using pool lzo/zbud
[    0.660643] Key type big_key registered
[    0.661261] Key type trusted registered
[    0.662950] Key type encrypted registered
[    0.663600] AppArmor: AppArmor sha1 policy hashing enabled
[    0.664459] ima: No TPM chip found, activating TPM-bypass! (rc=-19)
[    0.665422] ima: Allocated hash algorithm: sha1
[    0.666142] evm: HMAC attrs: 0x1
[    0.666850]   Magic number: 8:556:808
[    0.667513] rtc_cmos rtc_cmos: setting system clock to 2020-06-25 23:45:37 UTC (1593128737)
[    0.668964] BIOS EDD facility v0.16 2004-Jun-25, 0 devices found
[    0.669943] EDD information not available.
[    0.805048] Freeing unused kernel image memory: 2436K
[    1.432713] Write protecting the kernel read-only data: 20480k
[    1.434291] Freeing unused kernel image memory: 2008K
[    1.435420] Freeing unused kernel image memory: 1872K
[    1.441887] x86/mm: Checked W+X mappings: passed, no W+X pages found.
[    1.442897] x86/mm: Checking user space page tables
[    1.449155] x86/mm: Checked W+X mappings: passed, no W+X pages found.
Loading, please wait...
starting version 237
[    1.506197] e1000: Intel(R) PRO/1000 Network Driver - version 7.3.21-k8-NAPI
[    1.507278] e1000: Copyright (c) 1999-2006 Intel Corporation.
[    1.510432] Fusion MPT base driver 3.04.20
[    1.511233] Copyright (c) 1999-2008 LSI Corporation
[    1.540945] AVX2 version of gcm_enc/dec engaged.
[    1.541941] AES CTR mode by8 optimization enabled
[    1.548536] Fusion MPT SPI Host driver 3.04.20
[    1.744731] input: ImExPS/2 Generic Explorer Mouse as /devices/platform/i8042/serio1/input/input4
[    1.952251] e1000 0000:00:03.0 eth0: (PCI:33MHz:32-bit) 02:fc:38:2c:42:7e
[    1.953412] e1000 0000:00:03.0 eth0: Intel(R) PRO/1000 Network Connection
[    1.955237] mptbase: ioc0: Initiating bringup
[    1.956443] e1000 0000:00:03.0 enp0s3: renamed from eth0
[    2.048662] ioc0: LSI53C1030 A0: Capabilities={Initiator}
[    2.289743] scsi host2: ioc0: LSI53C1030 A0, FwRev=00000000h, Ports=1, MaxQ=256, IRQ=20
[    2.456765] scsi 2:0:0:0: Direct-Access     VBOX     HARDDISK         1.0  PQ: 0 ANSI: 5
[    2.488646] scsi target2:0:0: Beginning Domain Validation
[    2.490378] scsi target2:0:0: Domain Validation skipping write tests
[    2.491340] scsi target2:0:0: Ending Domain Validation
[    2.492167] scsi target2:0:0: asynchronous
[    2.493174] scsi 2:0:1:0: Direct-Access     VBOX     HARDDISK         1.0  PQ: 0 ANSI: 5
[    2.528677] scsi target2:0:1: Beginning Domain Validation
[    2.530433] random: fast init done
[    2.531166] scsi target2:0:1: Domain Validation skipping write tests
[    2.532110] scsi target2:0:1: Ending Domain Validation
[    2.533011] scsi target2:0:1: asynchronous
[    2.536186] random: systemd-udevd: uninitialized urandom read (16 bytes read)
[    2.537295] random: systemd-udevd: uninitialized urandom read (16 bytes read)
[    2.539145] random: systemd-udevd: uninitialized urandom read (16 bytes read)
[    2.540397] sd 2:0:0:0: Attached scsi generic sg0 type 0
[    2.540540] sd 2:0:0:0: [sda] 20971520 512-byte logical blocks: (10.7 GB/10.0 GiB)
[    2.542494] sd 2:0:0:0: [sda] Write Protect is off
[    2.543345] sd 2:0:0:0: [sda] Incomplete mode parameter data
[    2.543402] sd 2:0:1:0: Attached scsi generic sg1 type 0
[    2.544259] sd 2:0:0:0: [sda] Assuming drive cache: write through
[    2.546314] sd 2:0:1:0: [sdb] 20480 512-byte logical blocks: (10.5 MB/10.0 MiB)
[    2.547631] sd 2:0:1:0: [sdb] Write Protect is off
[    2.547805]  sda: sda1
[    2.549001] sd 2:0:1:0: [sdb] Incomplete mode parameter data
[    2.549209] sd 2:0:0:0: [sda] Attached SCSI disk
[    2.549967] sd 2:0:1:0: [sdb] Assuming drive cache: write through
[    2.555168] sd 2:0:1:0: [sdb] Attached SCSI disk
Begin: Loading essential drivers ... [    4.137116] raid6: sse2x1   gen() 14967 MB/s
[    4.184940] raid6: sse2x1   xor() 11026 MB/s
[    4.232474] raid6: sse2x2   gen() 18954 MB/s
[    4.280606] raid6: sse2x2   xor() 12375 MB/s
[    4.329374] raid6: sse2x4   gen() 21249 MB/s
[    4.376236] raid6: sse2x4   xor()  8118 MB/s
[    4.424071] raid6: avx2x1   gen() 30477 MB/s
[    4.472019] raid6: avx2x1   xor() 21442 MB/s
[    4.520670] raid6: avx2x2   gen() 38878 MB/s
[    4.568496] raid6: avx2x2   xor() 23678 MB/s
[    4.616326] raid6: avx2x4   gen() 42247 MB/s
[    4.664157] raid6: avx2x4   xor() 25349 MB/s
[    4.664851] raid6: using algorithm avx2x4 gen() 42247 MB/s
[    4.666503] raid6: .... xor() 25349 MB/s, rmw enabled
[    4.667317] raid6: using avx2x2 recovery algorithm
[    4.669120] xor: automatically using best checksumming function   avx       
[    4.671551] async_tx: api initialized (async)
done.
Begin: Running /scripts/init-premount ... done.
Begin: Mounting root file system ... Begin: Running /scripts/local-top ... done.
Begin: Running /scripts/local-premount ... [    4.724232] Btrfs loaded, crc32c=crc32c-intel
Scanning for Btrfs filesystems
done.
Warning: fsck not present, so skipping root file system
[    4.745617] EXT4-fs (sda1): mounted filesystem with ordered data mode. Opts: (null)
done.
Begin: Running /scripts/local-bottom ... done.
Begin: Running /scripts/init-bottom ... done.
[    4.864277] ip_tables: (C) 2000-2006 Netfilter Core Team
[    4.870197] systemd[1]: systemd 237 running in system mode. (+PAM +AUDIT +SELINUX +IMA +APPARMOR +SMACK +SYSVINIT +UTMP +LIBCRYPTSETUP +GCRYPT +GNUTLS +ACL +XZ +LZ4 +SECCOMP +BLKID +ELFUTILS +KMOD -IDN2 +IDN -PCRE2 default-hierarchy=hybrid)
[    4.873689] systemd[1]: Detected virtualization oracle.
[    4.874506] systemd[1]: Detected architecture x86-64.

Welcome to [1mUbuntu 18.04.4 LTS[0m!

[    4.878747] systemd[1]: Set hostname to <ubuntu-bionic>.
[    5.092776] systemd[1]: Set up automount Arbitrary Executable File Formats File System Automount Point.
[[0;32m  OK  [0m] Set up automount Arbitrary Executab…rmats File System Automount Point.
[    5.105631] systemd[1]: Created slice User and Session Slice.
[[0;32m  OK  [0m] Created slice User and Session Slice.
[    5.107304] systemd[1]: Created slice System Slice.
[[0;32m  OK  [0m] Created slice System Slice.
[    5.108744] systemd[1]: Listening on udev Kernel Socket.
[[0;32m  OK  [0m] Listening on udev Kernel Socket.
[    5.110147] systemd[1]: Listening on udev Control Socket.
[[0;32m  OK  [0m] Listening on udev Control Socket.
[    5.111573] systemd[1]: Listening on LVM2 poll daemon socket.
[[0;32m  OK  [0m] Listening on LVM2 poll daemon socket.
[[0;32m  OK  [0m] Listening on LVM2 metadata daemon socket.
[[0;32m  OK  [0m] Listening on Journal Socket (/dev/log).
[[0;32m  OK  [0m] Reached target User and Group Name Lookups.
[[0;32m  OK  [0m] Listening on Journal Socket.
         Starting Create list of required st…ce nodes for the current kernel...
         Starting Set the console keyboard layout...
         Mounting POSIX Message Queue File System...
         Mounting Kernel Debug File System...
         Starting Remount Root and Kernel File Systems...
         Mounting Huge Pages File System...
[[0;32m  OK  [0m] Listening on Syslog Socket.
         Starting Load Kernel Modules...
[[0;32m  OK  [0m] Listening on Network Service Netlink Socket.
[[0;32m  OK  [0m] Listening on /dev/initctl Compatibility Named Pipe.
[[0;32m  OK  [0m] Reached target Slices.
[[0;32m  OK  [0m] Listening on Journal Audit Socket.
[[0;32m  OK  [0m] Created slice system-serial\x2dgetty.slice.
[[0;32m  OK  [0m] Reached target System Time Synchronized.
[[0;32m  OK  [0m] Reached target Swap.
         Starting Journal Service...
[[0;32m  OK  [0m] Started Forward Password Requests to Wall Directory Watch.
         Starting Uncomplicated firewall...
[[0;32m  OK  [0m] Listening on Device-mapper event daemon FIFOs.
[    5.193652] Loading iSCSI transport class v2.0-870.
         Starting Monitoring of LVM2 mirrors…ng dmeventd or progress polling...
         Starting udev Coldplug all Devices...
[[0;32m  OK  [0m] Started Create list of required sta…vice nodes for the current kernel.
[[0;32m  OK  [0m] Mounted POSIX Message Queue File System.
[[0;32m  OK  [0m] Mounted Kernel Debug File System.
[    5.206110] iscsi: registered transport (tcp)
[[0;32m  OK  [0m] Mounted Huge Pages File System.
         Starting Create Static Device Nodes in /dev...
[    5.209999] EXT4-fs (sda1): re-mounted. Opts: (null)
[[0;32m  OK  [0m] Started Remount Root and Kernel File Systems.
[[0;32m  OK  [0m] Started Uncomplicated firewall.
         Starting Load/Save Random Seed...
[    5.269312] iscsi: registered transport (iser)
[[0;32m  OK  [0m] Started Journal Service.
[[0;32m  OK  [0m] Started Load Kernel Modules.
[[0;32m  OK  [0m] Started Create Static Device Nodes in /dev.
[[0;32m  OK  [0m] Started udev Coldplug all Devices.
[[0;32m  OK  [0m] Started Load/Save Random Seed.
[[0;32m  OK  [0m] Started LVM2 metadata daemon.
         Starting udev Kernel Device Manager...
         Mounting FUSE Control File System...
         Mounting Kernel Configuration File System...
         Starting Apply Kernel Variables...
         Starting Flush Journal to Persistent Storage...
[[0;32m  OK  [0m] Mounted FUSE Control File System.
[[0;32m  OK  [0m] Mounted Kernel Configuration File System.
[[0;32m  OK  [0m] Started Monitoring of LVM2 mirrors,…sing dmeventd or progress polling.
[[0;32m  OK  [0m] Started udev Kernel Device Manager.
[[0;32m  OK  [0m] Started Apply Kernel Variables.
[[0;32m  OK  [0m] Started Set the console keyboard layout.
[[0;32m  OK  [0m] Started Dispatch Password Requests to Console Directory Watch.
[[0;32m  OK  [0m] Reached target Local Encrypted Volumes.
[[0;32m  OK  [0m] Reached target Local File Systems (Pre).
[[0;32m  OK  [0m] Reached target Local File Systems.
         Starting ebtables ruleset management...
         Starting Set console font and keymap...
         Starting AppArmor initialization...
         Starting Tell Plymouth To Write Out Runtime Data...
[[0;32m  OK  [0m] Started Flush Journal to Persistent Storage.
         Starting Create Volatile Files and Directories...
[[0;32m  OK  [0m] Started Set console font and keymap.
[[0;32m  OK  [0m] Started Tell Plymouth To Write Out Runtime Data.
[[0;32m  OK  [0m] Started Create Volatile Files and Directories.
         Starting Update UTMP about System Boot/Shutdown...
[[0;32m  OK  [0m] Started Update UTMP about System Boot/Shutdown.
[[0;32m  OK  [0m] Started ebtables ruleset management.
[[0;32m  OK  [0m] Found device /dev/ttyS0.
[[0;32m  OK  [0m] Listening on Load/Save RF Kill Switch Status /dev/rfkill Watch.
[[0;32m  OK  [0m] Started AppArmor initialization.
         Starting Initial cloud-init job (pre-networking)...
[    6.652681] cloud-init[534]: Cloud-init v. 19.4-33-gbb4131a2-0ubuntu1~18.04.1 running 'init-local' at Thu, 25 Jun 2020 23:45:43 +0000. Up 6.45 seconds.
[[0;32m  OK  [0m] Started Initial cloud-init job (pre-networking).
[[0;32m  OK  [0m] Reached target Network (Pre).
         Starting Network Service...
[[0;32m  OK  [0m] Started Network Service.
         Starting Network Name Resolution...
         Starting Wait for Network to be Configured...
[[0;32m  OK  [0m] Started Network Name Resolution.
[[0;32m  OK  [0m] Reached target Host and Network Name Lookups.
[[0;32m  OK  [0m] Reached target Network.
[[0;32m  OK  [0m] Started Wait for Network to be Configured.
         Starting Initial cloud-init job (metadata service crawler)...
[    9.050749] cloud-init[662]: Cloud-init v. 19.4-33-gbb4131a2-0ubuntu1~18.04.1 running 'init' at Thu, 25 Jun 2020 23:45:45 +0000. Up 8.88 seconds.
[    9.052797] cloud-init[662]: ci-info: ++++++++++++++++++++++++++++++++++++++Net device info++++++++++++++++++++++++++++++++++++++
[    9.054524] cloud-init[662]: ci-info: +--------+------+----------------------------+---------------+--------+-------------------+
[    9.056407] cloud-init[662]: ci-info: | Device |  Up  |          Address           |      Mask     | Scope  |     Hw-Address    |
[    9.060170] cloud-init[662]: ci-info: +--------+------+----------------------------+---------------+--------+-------------------+
[    9.061868] cloud-init[662]: ci-info: | enp0s3 | True |         10.0.2.15          | 255.255.255.0 | global | 02:fc:38:2c:42:7e |
[    9.064584] cloud-init[662]: ci-info: | enp0s3 | True | fe80::fc:38ff:fe2c:427e/64 |       .       |  link  | 02:fc:38:2c:42:7e |
[    9.066473] cloud-init[662]: ci-info: |   lo   | True |         127.0.0.1          |   255.0.0.0   |  host  |         .         |
[    9.068870] cloud-init[662]: ci-info: |   lo   | True |          ::1/128           |       .       |  host  |         .         |
[    9.070250] cloud-init[662]: ci-info: +--------+------+----------------------------+---------------+--------+-------------------+
[    9.072234] cloud-init[662]: ci-info: ++++++++++++++++++++++++++++Route IPv4 info+++++++++++++++++++++++++++++
[    9.073883] cloud-init[662]: ci-info: +-------+-------------+----------+-----------------+-----------+-------+
[    9.075105] cloud-init[662]: ci-info: | Route | Destination | Gateway  |     Genmask     | Interface | Flags |
[    9.076550] cloud-init[662]: ci-info: +-------+-------------+----------+-----------------+-----------+-------+
[    9.078650] cloud-init[662]: ci-info: |   0   |   0.0.0.0   | 10.0.2.2 |     0.0.0.0     |   enp0s3  |   UG  |
[    9.079755] cloud-init[662]: ci-info: |   1   |   10.0.2.0  | 0.0.0.0  |  255.255.255.0  |   enp0s3  |   U   |
[    9.080793] cloud-init[662]: ci-info: |   2   |   10.0.2.2  | 0.0.0.0  | 255.255.255.255 |   enp0s3  |   UH  |
[    9.081845] cloud-init[662]: ci-info: +-------+-------------+----------+-----------------+-----------+-------+
[    9.082991] cloud-init[662]: ci-info: +++++++++++++++++++Route IPv6 info+++++++++++++++++++
[    9.092186] cloud-init[662]: ci-info: +-------+-------------+---------+-----------+-------+
[    9.106475] cloud-init[662]: ci-info: | Route | Destination | Gateway | Interface | Flags |
[    9.107374] cloud-init[662]: ci-info: +-------+-------------+---------+-----------+-------+
[    9.108376] cloud-init[662]: ci-info: |   1   |  fe80::/64  |    ::   |   enp0s3  |   U   |
[    9.110073] cloud-init[662]: ci-info: |   3   |    local    |    ::   |   enp0s3  |   U   |
[    9.110972] cloud-init[662]: ci-info: |   4   |   ff00::/8  |    ::   |   enp0s3  |   U   |
[    9.120316] cloud-init[662]: ci-info: +-------+-------------+---------+-----------+-------+
[[0;32m  OK  [0m] Started Initial cloud-init job (metadata service crawler).
[[0;32m  OK  [0m] Reached target Network is Online.
[[0;32m  OK  [0m] Reached target Remote File Systems (Pre).
[[0;32m  OK  [0m] Reached target Remote File Systems.
         Starting Availability of block devices...
[[0;32m  OK  [0m] Reached target Cloud-config availability.
[[0;32m  OK  [0m] Reached target System Initialization.
         Starting LXD - unix socket.
[[0;32m  OK  [0m] Started Daily apt download activities.
[[0;32m  OK  [0m] Started Message of the Day.
[[0;32m  OK  [0m] Started Daily Cleanup of Temporary Directories.
[[0;32m  OK  [0m] Started Daily apt upgrade and clean activities.
[[0;32m  OK  [0m] Listening on D-Bus System Message Bus Socket.
[[0;32m  OK  [0m] Started Discard unused blocks once a week.
[[0;32m  OK  [0m] Reached target Timers.
[[0;32m  OK  [0m] Started ACPI Events Check.
[[0;32m  OK  [0m] Reached target Paths.
[[0;32m  OK  [0m] Listening on UUID daemon activation socket.
[[0;32m  OK  [0m] Listening on ACPID Listen Socket.
         Starting Socket activation for snappy daemon.
[[0;32m  OK  [0m] Listening on Open-iSCSI iscsid Socket.
[[0;32m  OK  [0m] Started Availability of block devices.
[[0;32m  OK  [0m] Listening on LXD - unix socket.
[[0;32m  OK  [0m] Listening on Socket activation for snappy daemon.
[[0;32m  OK  [0m] Reached target Sockets.
[[0;32m  OK  [0m] Reached target Basic System.
         Starting Accounts Service...
         Starting Dispatcher daemon for systemd-networkd...
         Starting Snappy daemon...
[[0;32m  OK  [0m] Started Deferred execution scheduler.
         Starting LSB: automatic crash report generation...
[[0;32m  OK  [0m] Started irqbalance daemon.
[[0;32m  OK  [0m] Started D-Bus System Message Bus.
[[0;32m  OK  [0m] Started FUSE filesystem for LXC.
         Starting System Logging Service...
[[0;32m  OK  [0m] Started Regular background program processing daemon.
         Starting LSB: Start Jenkins at boot time...
         Starting Permit User Sessions...
         Starting Login Service...
         Starting LSB: Record successful boot for GRUB...
         Starting Virtualbox guest utils...
         Starting OpenBSD Secure Shell server...
         Starting LXD - container startup/shutdown...
[[0;32m  OK  [0m] Started Permit User Sessions.
         Starting Hold until boot process finishes up...
         Starting Terminate Plymouth Boot Screen...
[[0;32m  OK  [0m] Started Hold until boot process finishes up.
[[0;32m  OK  [0m] Started Serial Getty on ttyS0.
         Starting Set console scheme...
[[0;32m  OK  [0m] Started Terminate Plymouth Boot Screen.
[[0;32m  OK  [0m] Started System Logging Service.
[[0;32m  OK  [0m] Started Set console scheme.
[[0;32m  OK  [0m] Started Login Service.
[[0;32m  OK  [0m] Started Unattended Upgrades Shutdown.
[[0;32m  OK  [0m] Created slice system-getty.slice.
[[0;32m  OK  [0m] Started Getty on tty1.
[[0;32m  OK  [0m] Reached target Login Prompts.
         Starting Authorization Manager...
[[0;32m  OK  [0m] Started OpenBSD Secure Shell server.
[[0;32m  OK  [0m] Started LSB: automatic crash report generation.
[[0;32m  OK  [0m] Started Dispatcher daemon for systemd-networkd.
[[0;32m  OK  [0m] Started Authorization Manager.
[[0;32m  OK  [0m] Started Accounts Service.
[[0;32m  OK  [0m] Started LSB: Record successful boot for GRUB.
[[0;32m  OK  [0m] Started Virtualbox guest utils.
[[0;32m  OK  [0m] Started LXD - container startup/shutdown.
[[0;32m  OK  [0m] Created slice User Slice of jenkins.
[[0;32m  OK  [0m] Started Snappy daemon.
[[0;32m  OK  [0m] Started Session c1 of user jenkins.
         Starting Wait until snapd is fully seeded...
         Starting User Manager for UID 111...
[[0;32m  OK  [0m] Started Wait until snapd is fully seeded.
         Starting Apply the settings specified in cloud-config...
[[0;32m  OK  [0m] Started User Manager for UID 111.
[[0;32m  OK  [0m] Created slice User Slice of vagrant.
         Starting User Manager for UID 1000...
[[0;32m  OK  [0m] Started Session 2 of user vagrant.
[[0;32m  OK  [0m] Started User Manager for UID 1000.
[   11.304182] cloud-init[1128]: Cloud-init v. 19.4-33-gbb4131a2-0ubuntu1~18.04.1 running 'modules:config' at Thu, 25 Jun 2020 23:45:47 +0000. Up 10.99 seconds.
[[0;32m  OK  [0m] Started Apply the settings specified in cloud-config.
[[0;32m  OK  [0m] Started LSB: Start Jenkins at boot time.
[[0;32m  OK  [0m] Reached target Multi-User System.
         Starting Execute cloud user/final scripts...
[[0;32m  OK  [0m] Reached target Graphical Interface.
         Starting Update UTMP about System Runlevel Changes...
[[0;32m  OK  [0m] Started Update UTMP about System Runlevel Changes.
[   12.451436] cloud-init[1264]: Cloud-init v. 19.4-33-gbb4131a2-0ubuntu1~18.04.1 running 'modules:final' at Thu, 25 Jun 2020 23:45:49 +0000. Up 12.30 seconds.
[   12.455908] cloud-init[1264]: Cloud-init v. 19.4-33-gbb4131a2-0ubuntu1~18.04.1 finished at Thu, 25 Jun 2020 23:45:49 +0000. Datasource DataSourceNoCloud [seed=/dev/sdb][dsmode=net].  Up 12.44 seconds
[[0;32m  OK  [0m] Started Execute cloud user/final scripts.
[[0;32m  OK  [0m] Reached target Cloud-init target.

Ubuntu 18.04.4 LTS ubuntu-bionic ttyS0

ubuntu-bionic login: 